C:\A_PJSIP\PJSIP\PJSIPWRAPPER\DEBUG\PJSIPWRAPPER.PCH
C:\A_PJSIP\PJSIP\PJSIPWRAPPER\DEBUG\STDAFX.OBJ
C:\A_PJSIP\PJSIP\PJSIPWRAPPER\DEBUG\VC110.PDB
C:\A_PJSIP\PJSIP\PJSIPWRAPPER\DEBUG\PJSIPWRAPPER.OBJ
C:\A_PJSIP\PJSIP\PJSIPWRAPPER\DEBUG\PJSIPSERVER.OBJ
C:\A_PJSIP\PJSIP\PJSIPWRAPPER\DEBUG\MYCALL.OBJ
C:\A_PJSIP\PJSIP\PJSIPWRAPPER\DEBUG\MYAUDIOMEDIAPLAYER.OBJ
C:\A_PJSIP\PJSIP\PJSIPWRAPPER\DEBUG\MYACCOUNT.OBJ
C:\A_PJSIP\PJSIP\PJSIPWRAPPER\DEBUG\ASSEMBLYINFO.OBJ
C:\A_PJSIP\PJSIP\PJSIPWRAPPER\DEBUG\.NETFRAMEWORK,VERSION=V4.0.ASSEMBLYATTRIBUTES.OBJ
C:\A_PJSIP\PJSIP\DEBUG\PJSIPWRAPPER.ILK
C:\A_PJSIP\PJSIP\DEBUG\PJSIPWRAPPER.DLL
C:\A_PJSIP\PJSIP\DEBUG\PJSIPWRAPPER.PDB
C:\A_PJSIP\PJSIP\PJSIPWRAPPER\DEBUG\APP.RES
C:\A_PJSIP\PJSIP\PJSIPWrapper\Debug\.NETFramework,Version=v4.0.AssemblyAttributes.obj
C:\A_PJSIP\PJSIP\PJSIPWrapper\Debug\AssemblyInfo.obj
C:\A_PJSIP\PJSIP\PJSIPWrapper\Debug\MyAccount.obj
C:\A_PJSIP\PJSIP\PJSIPWrapper\Debug\MyAudioMediaPlayer.obj
C:\A_PJSIP\PJSIP\PJSIPWrapper\Debug\MyCall.obj
C:\A_PJSIP\PJSIP\PJSIPWrapper\Debug\PjSipServer.obj
C:\A_PJSIP\PJSIP\PJSIPWrapper\Debug\PJSIPWrapper.obj
C:\A_PJSIP\PJSIP\PJSIPWrapper\Debug\Stdafx.obj
C:\A_PJSIP\PJSIP\PJSIPWrapper\Debug\cl.command.1.tlog
C:\A_PJSIP\PJSIP\PJSIPWrapper\Debug\CL.read.1.tlog
C:\A_PJSIP\PJSIP\PJSIPWrapper\Debug\CL.write.1.tlog
C:\A_PJSIP\PJSIP\PJSIPWrapper\Debug\link.11128-cvtres.read.1.tlog
C:\A_PJSIP\PJSIP\PJSIPWrapper\Debug\link.11128-cvtres.write.1.tlog
C:\A_PJSIP\PJSIP\PJSIPWrapper\Debug\link.11128-rc.read.1.tlog
C:\A_PJSIP\PJSIP\PJSIPWrapper\Debug\link.11128-rc.write.1.tlog
C:\A_PJSIP\PJSIP\PJSIPWrapper\Debug\link.11128.read.1.tlog
C:\A_PJSIP\PJSIP\PJSIPWrapper\Debug\link.11128.write.1.tlog
C:\A_PJSIP\PJSIP\PJSIPWrapper\Debug\link.command.1.tlog
C:\A_PJSIP\PJSIP\PJSIPWrapper\Debug\link.read.1.tlog
C:\A_PJSIP\PJSIP\PJSIPWrapper\Debug\link.write.1.tlog
C:\A_PJSIP\PJSIP\PJSIPWrapper\Debug\metagen.read.1.tlog
C:\A_PJSIP\PJSIP\PJSIPWrapper\Debug\metagen.write.1.tlog
C:\A_PJSIP\PJSIP\PJSIPWrapper\Debug\rc.command.1.tlog
C:\A_PJSIP\PJSIP\PJSIPWrapper\Debug\rc.read.1.tlog
C:\A_PJSIP\PJSIP\PJSIPWrapper\Debug\rc.write.1.tlog
C:\A_PJSIP\PJSIP\PJSIPWrapper\Debug\app.res
C:\A_PJSIP\PJSIP\PJSIPWrapper\Debug\PJSIPWrapper.pch
C:\A_PJSIP\PJSIP\PJSIPWrapper\Debug\vc110.pdb
C:\A_PJSIP\PJSIP\PJSIPWrapper\Debug\RSAENH.DLL.bi
C:\A_PJSIP\PJSIP\PJSIPWrapper\Debug\TZRES.DLL.bi
C:\A_PJSIP\PJSIP\Debug\PJSIPWrapper.pdb
C:\A_PJSIP\PJSIP\Debug\PJSIPWrapper.dll
C:\A_PJSIP\PJSIP\Debug\PJSIPWrapper.ilk
