  PjSipServer.cpp
PjSipServer.cpp(484): warning C4101: 'line' : unreferenced local variable
PjSipServer.cpp(484): warning C4101: 'dummy' : unreferenced local variable
PjSipServer.cpp(482): warning C4101: 'param' : unreferenced local variable
PjSipServer.cpp(751): warning C4101: 'old_hdr' : unreferenced local variable
PjSipServer.cpp(751): warning C4101: 'new_hdr' : unreferenced local variable
c:\a_pjsip\pjsip\pjsipwrapper\pjsipserver.cpp(264): warning C4715: 'PjSipServer::Answer' : not all control paths return a value
c:\a_pjsip\pjsip\pjsipwrapper\pjsipserver.cpp(303): warning C4715: 'PjSipServer::HangUp' : not all control paths return a value
c:\a_pjsip\pjsip\pjsipwrapper\pjsipserver.cpp(276): warning C4700: uninitialized local variable 'code' used
libpjproject-i386-Win32-vc8-Debug.lib(account.obj) : warning LNK4075: ignoring '/EDITANDCONTINUE' due to '/OPT:LBR' specification
PJSIPWrapper.obj : warning LNK4248: unresolved typeref token (01000016) for 'pjmedia_stream'; image may not run
PjSipServer.obj : warning LNK4248: unresolved typeref token (0100001A) for 'pjmedia_stream'; image may not run
MyCall.obj : warning LNK4248: unresolved typeref token (01000014) for 'pjmedia_stream'; image may not run
PJSIPWrapper.obj : warning LNK4248: unresolved typeref token (01000027) for 'pjmedia_conf'; image may not run
PjSipServer.obj : warning LNK4248: unresolved typeref token (0100002D) for 'pjmedia_conf'; image may not run
MyCall.obj : warning LNK4248: unresolved typeref token (01000025) for 'pjmedia_conf'; image may not run
PJSIPWrapper.obj : warning LNK4248: unresolved typeref token (01000028) for 'pjmedia_master_port'; image may not run
PjSipServer.obj : warning LNK4248: unresolved typeref token (0100002C) for 'pjmedia_master_port'; image may not run
MyCall.obj : warning LNK4248: unresolved typeref token (01000026) for 'pjmedia_master_port'; image may not run
PjSipServer.obj : warning LNK4248: unresolved typeref token (01000029) for 'pjsip_endpoint'; image may not run
PjSipServer.obj : warning LNK4248: unresolved typeref token (0100002A) for 'pjmedia_endpt'; image may not run
PjSipServer.obj : warning LNK4248: unresolved typeref token (0100002B) for 'pjmedia_sdp_neg'; image may not run
PjSipServer.obj : warning LNK4248: unresolved typeref token (0100002E) for 'pjmedia_aud_stream'; image may not run
PjSipServer.obj : warning LNK4248: unresolved typeref token (01000030) for 'pj_thread_t'; image may not run
PjSipServer.obj : warning LNK4248: unresolved typeref token (01000035) for 'pj_ioqueue_t'; image may not run
libpjproject-i386-Win32-vc8-Debug.lib(rand_source.obj) : warning LNK4099: PDB 'vc110.pdb' was not found with 'libpjproject-i386-Win32-vc8-Debug.lib(rand_source.obj)' or at 'C:\A_PJSIP\PJSIP\Debug\vc110.pdb'; linking object as if no debug info
libpjproject-i386-Win32-vc8-Debug.lib(ctr_prng.obj) : warning LNK4099: PDB 'vc110.pdb' was not found with 'libpjproject-i386-Win32-vc8-Debug.lib(ctr_prng.obj)' or at 'C:\A_PJSIP\PJSIP\Debug\vc110.pdb'; linking object as if no debug info
libpjproject-i386-Win32-vc8-Debug.lib(rdbx.obj) : warning LNK4099: PDB 'vc110.pdb' was not found with 'libpjproject-i386-Win32-vc8-Debug.lib(rdbx.obj)' or at 'C:\A_PJSIP\PJSIP\Debug\vc110.pdb'; linking object as if no debug info
libpjproject-i386-Win32-vc8-Debug.lib(rdb.obj) : warning LNK4099: PDB 'vc110.pdb' was not found with 'libpjproject-i386-Win32-vc8-Debug.lib(rdb.obj)' or at 'C:\A_PJSIP\PJSIP\Debug\vc110.pdb'; linking object as if no debug info
libpjproject-i386-Win32-vc8-Debug.lib(stat.obj) : warning LNK4099: PDB 'vc110.pdb' was not found with 'libpjproject-i386-Win32-vc8-Debug.lib(stat.obj)' or at 'C:\A_PJSIP\PJSIP\Debug\vc110.pdb'; linking object as if no debug info
libpjproject-i386-Win32-vc8-Debug.lib(datatypes.obj) : warning LNK4099: PDB 'vc110.pdb' was not found with 'libpjproject-i386-Win32-vc8-Debug.lib(datatypes.obj)' or at 'C:\A_PJSIP\PJSIP\Debug\vc110.pdb'; linking object as if no debug info
libpjproject-i386-Win32-vc8-Debug.lib(key.obj) : warning LNK4099: PDB 'vc110.pdb' was not found with 'libpjproject-i386-Win32-vc8-Debug.lib(key.obj)' or at 'C:\A_PJSIP\PJSIP\Debug\vc110.pdb'; linking object as if no debug info
libpjproject-i386-Win32-vc8-Debug.lib(crypto_kernel.obj) : warning LNK4099: PDB 'vc110.pdb' was not found with 'libpjproject-i386-Win32-vc8-Debug.lib(crypto_kernel.obj)' or at 'C:\A_PJSIP\PJSIP\Debug\vc110.pdb'; linking object as if no debug info
libpjproject-i386-Win32-vc8-Debug.lib(alloc.obj) : warning LNK4099: PDB 'vc110.pdb' was not found with 'libpjproject-i386-Win32-vc8-Debug.lib(alloc.obj)' or at 'C:\A_PJSIP\PJSIP\Debug\vc110.pdb'; linking object as if no debug info
libpjproject-i386-Win32-vc8-Debug.lib(sha1.obj) : warning LNK4099: PDB 'vc110.pdb' was not found with 'libpjproject-i386-Win32-vc8-Debug.lib(sha1.obj)' or at 'C:\A_PJSIP\PJSIP\Debug\vc110.pdb'; linking object as if no debug info
libpjproject-i386-Win32-vc8-Debug.lib(null_auth.obj) : warning LNK4099: PDB 'vc110.pdb' was not found with 'libpjproject-i386-Win32-vc8-Debug.lib(null_auth.obj)' or at 'C:\A_PJSIP\PJSIP\Debug\vc110.pdb'; linking object as if no debug info
libpjproject-i386-Win32-vc8-Debug.lib(hmac.obj) : warning LNK4099: PDB 'vc110.pdb' was not found with 'libpjproject-i386-Win32-vc8-Debug.lib(hmac.obj)' or at 'C:\A_PJSIP\PJSIP\Debug\vc110.pdb'; linking object as if no debug info
libpjproject-i386-Win32-vc8-Debug.lib(auth.obj) : warning LNK4099: PDB 'vc110.pdb' was not found with 'libpjproject-i386-Win32-vc8-Debug.lib(auth.obj)' or at 'C:\A_PJSIP\PJSIP\Debug\vc110.pdb'; linking object as if no debug info
libpjproject-i386-Win32-vc8-Debug.lib(null_cipher.obj) : warning LNK4099: PDB 'vc110.pdb' was not found with 'libpjproject-i386-Win32-vc8-Debug.lib(null_cipher.obj)' or at 'C:\A_PJSIP\PJSIP\Debug\vc110.pdb'; linking object as if no debug info
libpjproject-i386-Win32-vc8-Debug.lib(cipher.obj) : warning LNK4099: PDB 'vc110.pdb' was not found with 'libpjproject-i386-Win32-vc8-Debug.lib(cipher.obj)' or at 'C:\A_PJSIP\PJSIP\Debug\vc110.pdb'; linking object as if no debug info
libpjproject-i386-Win32-vc8-Debug.lib(aes_icm.obj) : warning LNK4099: PDB 'vc110.pdb' was not found with 'libpjproject-i386-Win32-vc8-Debug.lib(aes_icm.obj)' or at 'C:\A_PJSIP\PJSIP\Debug\vc110.pdb'; linking object as if no debug info
libpjproject-i386-Win32-vc8-Debug.lib(aes_cbc.obj) : warning LNK4099: PDB 'vc110.pdb' was not found with 'libpjproject-i386-Win32-vc8-Debug.lib(aes_cbc.obj)' or at 'C:\A_PJSIP\PJSIP\Debug\vc110.pdb'; linking object as if no debug info
libpjproject-i386-Win32-vc8-Debug.lib(aes.obj) : warning LNK4099: PDB 'vc110.pdb' was not found with 'libpjproject-i386-Win32-vc8-Debug.lib(aes.obj)' or at 'C:\A_PJSIP\PJSIP\Debug\vc110.pdb'; linking object as if no debug info
libpjproject-i386-Win32-vc8-Debug.lib(srtp_err.obj) : warning LNK4099: PDB 'vc110.pdb' was not found with 'libpjproject-i386-Win32-vc8-Debug.lib(srtp_err.obj)' or at 'C:\A_PJSIP\PJSIP\Debug\vc110.pdb'; linking object as if no debug info
libpjproject-i386-Win32-vc8-Debug.lib(srtp.obj) : warning LNK4099: PDB 'vc110.pdb' was not found with 'libpjproject-i386-Win32-vc8-Debug.lib(srtp.obj)' or at 'C:\A_PJSIP\PJSIP\Debug\vc110.pdb'; linking object as if no debug info
libpjproject-i386-Win32-vc8-Debug.lib(window.obj) : warning LNK4099: PDB 'vc110.pdb' was not found with 'libpjproject-i386-Win32-vc8-Debug.lib(window.obj)' or at 'C:\A_PJSIP\PJSIP\Debug\vc110.pdb'; linking object as if no debug info
libpjproject-i386-Win32-vc8-Debug.lib(vq.obj) : warning LNK4099: PDB 'vc110.pdb' was not found with 'libpjproject-i386-Win32-vc8-Debug.lib(vq.obj)' or at 'C:\A_PJSIP\PJSIP\Debug\vc110.pdb'; linking object as if no debug info
libpjproject-i386-Win32-vc8-Debug.lib(vbr.obj) : warning LNK4099: PDB 'vc110.pdb' was not found with 'libpjproject-i386-Win32-vc8-Debug.lib(vbr.obj)' or at 'C:\A_PJSIP\PJSIP\Debug\vc110.pdb'; linking object as if no debug info
libpjproject-i386-Win32-vc8-Debug.lib(speex_callbacks.obj) : warning LNK4099: PDB 'vc110.pdb' was not found with 'libpjproject-i386-Win32-vc8-Debug.lib(speex_callbacks.obj)' or at 'C:\A_PJSIP\PJSIP\Debug\vc110.pdb'; linking object as if no debug info
libpjproject-i386-Win32-vc8-Debug.lib(speex.obj) : warning LNK4099: PDB 'vc110.pdb' was not found with 'libpjproject-i386-Win32-vc8-Debug.lib(speex.obj)' or at 'C:\A_PJSIP\PJSIP\Debug\vc110.pdb'; linking object as if no debug info
libpjproject-i386-Win32-vc8-Debug.lib(smallft.obj) : warning LNK4099: PDB 'vc110.pdb' was not found with 'libpjproject-i386-Win32-vc8-Debug.lib(smallft.obj)' or at 'C:\A_PJSIP\PJSIP\Debug\vc110.pdb'; linking object as if no debug info
libpjproject-i386-Win32-vc8-Debug.lib(sb_celp.obj) : warning LNK4099: PDB 'vc110.pdb' was not found with 'libpjproject-i386-Win32-vc8-Debug.lib(sb_celp.obj)' or at 'C:\A_PJSIP\PJSIP\Debug\vc110.pdb'; linking object as if no debug info
libpjproject-i386-Win32-vc8-Debug.lib(quant_lsp.obj) : warning LNK4099: PDB 'vc110.pdb' was not found with 'libpjproject-i386-Win32-vc8-Debug.lib(quant_lsp.obj)' or at 'C:\A_PJSIP\PJSIP\Debug\vc110.pdb'; linking object as if no debug info
libpjproject-i386-Win32-vc8-Debug.lib(preprocess.obj) : warning LNK4099: PDB 'vc110.pdb' was not found with 'libpjproject-i386-Win32-vc8-Debug.lib(preprocess.obj)' or at 'C:\A_PJSIP\PJSIP\Debug\vc110.pdb'; linking object as if no debug info
libpjproject-i386-Win32-vc8-Debug.lib(nb_celp.obj) : warning LNK4099: PDB 'vc110.pdb' was not found with 'libpjproject-i386-Win32-vc8-Debug.lib(nb_celp.obj)' or at 'C:\A_PJSIP\PJSIP\Debug\vc110.pdb'; linking object as if no debug info
libpjproject-i386-Win32-vc8-Debug.lib(modes_wb.obj) : warning LNK4099: PDB 'vc110.pdb' was not found with 'libpjproject-i386-Win32-vc8-Debug.lib(modes_wb.obj)' or at 'C:\A_PJSIP\PJSIP\Debug\vc110.pdb'; linking object as if no debug info
libpjproject-i386-Win32-vc8-Debug.lib(modes.obj) : warning LNK4099: PDB 'vc110.pdb' was not found with 'libpjproject-i386-Win32-vc8-Debug.lib(modes.obj)' or at 'C:\A_PJSIP\PJSIP\Debug\vc110.pdb'; linking object as if no debug info
libpjproject-i386-Win32-vc8-Debug.lib(mdf.obj) : warning LNK4099: PDB 'vc110.pdb' was not found with 'libpjproject-i386-Win32-vc8-Debug.lib(mdf.obj)' or at 'C:\A_PJSIP\PJSIP\Debug\vc110.pdb'; linking object as if no debug info
libpjproject-i386-Win32-vc8-Debug.lib(ltp.obj) : warning LNK4099: PDB 'vc110.pdb' was not found with 'libpjproject-i386-Win32-vc8-Debug.lib(ltp.obj)' or at 'C:\A_PJSIP\PJSIP\Debug\vc110.pdb'; linking object as if no debug info
libpjproject-i386-Win32-vc8-Debug.lib(lsp_tables_nb.obj) : warning LNK4099: PDB 'vc110.pdb' was not found with 'libpjproject-i386-Win32-vc8-Debug.lib(lsp_tables_nb.obj)' or at 'C:\A_PJSIP\PJSIP\Debug\vc110.pdb'; linking object as if no debug info
libpjproject-i386-Win32-vc8-Debug.lib(lsp.obj) : warning LNK4099: PDB 'vc110.pdb' was not found with 'libpjproject-i386-Win32-vc8-Debug.lib(lsp.obj)' or at 'C:\A_PJSIP\PJSIP\Debug\vc110.pdb'; linking object as if no debug info
libpjproject-i386-Win32-vc8-Debug.lib(lpc.obj) : warning LNK4099: PDB 'vc110.pdb' was not found with 'libpjproject-i386-Win32-vc8-Debug.lib(lpc.obj)' or at 'C:\A_PJSIP\PJSIP\Debug\vc110.pdb'; linking object as if no debug info
libpjproject-i386-Win32-vc8-Debug.lib(high_lsp_tables.obj) : warning LNK4099: PDB 'vc110.pdb' was not found with 'libpjproject-i386-Win32-vc8-Debug.lib(high_lsp_tables.obj)' or at 'C:\A_PJSIP\PJSIP\Debug\vc110.pdb'; linking object as if no debug info
libpjproject-i386-Win32-vc8-Debug.lib(hexc_table.obj) : warning LNK4099: PDB 'vc110.pdb' was not found with 'libpjproject-i386-Win32-vc8-Debug.lib(hexc_table.obj)' or at 'C:\A_PJSIP\PJSIP\Debug\vc110.pdb'; linking object as if no debug info
libpjproject-i386-Win32-vc8-Debug.lib(hexc_10_32_table.obj) : warning LNK4099: PDB 'vc110.pdb' was not found with 'libpjproject-i386-Win32-vc8-Debug.lib(hexc_10_32_table.obj)' or at 'C:\A_PJSIP\PJSIP\Debug\vc110.pdb'; linking object as if no debug info
libpjproject-i386-Win32-vc8-Debug.lib(gain_table_lbr.obj) : warning LNK4099: PDB 'vc110.pdb' was not found with 'libpjproject-i386-Win32-vc8-Debug.lib(gain_table_lbr.obj)' or at 'C:\A_PJSIP\PJSIP\Debug\vc110.pdb'; linking object as if no debug info
libpjproject-i386-Win32-vc8-Debug.lib(gain_table.obj) : warning LNK4099: PDB 'vc110.pdb' was not found with 'libpjproject-i386-Win32-vc8-Debug.lib(gain_table.obj)' or at 'C:\A_PJSIP\PJSIP\Debug\vc110.pdb'; linking object as if no debug info
libpjproject-i386-Win32-vc8-Debug.lib(filters.obj) : warning LNK4099: PDB 'vc110.pdb' was not found with 'libpjproject-i386-Win32-vc8-Debug.lib(filters.obj)' or at 'C:\A_PJSIP\PJSIP\Debug\vc110.pdb'; linking object as if no debug info
libpjproject-i386-Win32-vc8-Debug.lib(filterbank.obj) : warning LNK4099: PDB 'vc110.pdb' was not found with 'libpjproject-i386-Win32-vc8-Debug.lib(filterbank.obj)' or at 'C:\A_PJSIP\PJSIP\Debug\vc110.pdb'; linking object as if no debug info
libpjproject-i386-Win32-vc8-Debug.lib(fftwrap.obj) : warning LNK4099: PDB 'vc110.pdb' was not found with 'libpjproject-i386-Win32-vc8-Debug.lib(fftwrap.obj)' or at 'C:\A_PJSIP\PJSIP\Debug\vc110.pdb'; linking object as if no debug info
libpjproject-i386-Win32-vc8-Debug.lib(exc_8_128_table.obj) : warning LNK4099: PDB 'vc110.pdb' was not found with 'libpjproject-i386-Win32-vc8-Debug.lib(exc_8_128_table.obj)' or at 'C:\A_PJSIP\PJSIP\Debug\vc110.pdb'; linking object as if no debug info
libpjproject-i386-Win32-vc8-Debug.lib(exc_5_64_table.obj) : warning LNK4099: PDB 'vc110.pdb' was not found with 'libpjproject-i386-Win32-vc8-Debug.lib(exc_5_64_table.obj)' or at 'C:\A_PJSIP\PJSIP\Debug\vc110.pdb'; linking object as if no debug info
libpjproject-i386-Win32-vc8-Debug.lib(exc_5_256_table.obj) : warning LNK4099: PDB 'vc110.pdb' was not found with 'libpjproject-i386-Win32-vc8-Debug.lib(exc_5_256_table.obj)' or at 'C:\A_PJSIP\PJSIP\Debug\vc110.pdb'; linking object as if no debug info
libpjproject-i386-Win32-vc8-Debug.lib(exc_20_32_table.obj) : warning LNK4099: PDB 'vc110.pdb' was not found with 'libpjproject-i386-Win32-vc8-Debug.lib(exc_20_32_table.obj)' or at 'C:\A_PJSIP\PJSIP\Debug\vc110.pdb'; linking object as if no debug info
libpjproject-i386-Win32-vc8-Debug.lib(exc_10_32_table.obj) : warning LNK4099: PDB 'vc110.pdb' was not found with 'libpjproject-i386-Win32-vc8-Debug.lib(exc_10_32_table.obj)' or at 'C:\A_PJSIP\PJSIP\Debug\vc110.pdb'; linking object as if no debug info
libpjproject-i386-Win32-vc8-Debug.lib(exc_10_16_table.obj) : warning LNK4099: PDB 'vc110.pdb' was not found with 'libpjproject-i386-Win32-vc8-Debug.lib(exc_10_16_table.obj)' or at 'C:\A_PJSIP\PJSIP\Debug\vc110.pdb'; linking object as if no debug info
libpjproject-i386-Win32-vc8-Debug.lib(cb_search.obj) : warning LNK4099: PDB 'vc110.pdb' was not found with 'libpjproject-i386-Win32-vc8-Debug.lib(cb_search.obj)' or at 'C:\A_PJSIP\PJSIP\Debug\vc110.pdb'; linking object as if no debug info
libpjproject-i386-Win32-vc8-Debug.lib(bits.obj) : warning LNK4099: PDB 'vc110.pdb' was not found with 'libpjproject-i386-Win32-vc8-Debug.lib(bits.obj)' or at 'C:\A_PJSIP\PJSIP\Debug\vc110.pdb'; linking object as if no debug info
libpjproject-i386-Win32-vc8-Debug.lib(resamplesubs.obj) : warning LNK4099: PDB 'vc110.pdb' was not found with 'libpjproject-i386-Win32-vc8-Debug.lib(resamplesubs.obj)' or at 'C:\A_PJSIP\PJSIP\Debug\vc110.pdb'; linking object as if no debug info
libpjproject-i386-Win32-vc8-Debug.lib(syntFilter.obj) : warning LNK4099: PDB 'vc110.pdb' was not found with 'libpjproject-i386-Win32-vc8-Debug.lib(syntFilter.obj)' or at 'C:\A_PJSIP\PJSIP\Debug\vc110.pdb'; linking object as if no debug info
libpjproject-i386-Win32-vc8-Debug.lib(StateSearchW.obj) : warning LNK4099: PDB 'vc110.pdb' was not found with 'libpjproject-i386-Win32-vc8-Debug.lib(StateSearchW.obj)' or at 'C:\A_PJSIP\PJSIP\Debug\vc110.pdb'; linking object as if no debug info
libpjproject-i386-Win32-vc8-Debug.lib(StateConstructW.obj) : warning LNK4099: PDB 'vc110.pdb' was not found with 'libpjproject-i386-Win32-vc8-Debug.lib(StateConstructW.obj)' or at 'C:\A_PJSIP\PJSIP\Debug\vc110.pdb'; linking object as if no debug info
libpjproject-i386-Win32-vc8-Debug.lib(packing.obj) : warning LNK4099: PDB 'vc110.pdb' was not found with 'libpjproject-i386-Win32-vc8-Debug.lib(packing.obj)' or at 'C:\A_PJSIP\PJSIP\Debug\vc110.pdb'; linking object as if no debug info
libpjproject-i386-Win32-vc8-Debug.lib(lsf.obj) : warning LNK4099: PDB 'vc110.pdb' was not found with 'libpjproject-i386-Win32-vc8-Debug.lib(lsf.obj)' or at 'C:\A_PJSIP\PJSIP\Debug\vc110.pdb'; linking object as if no debug info
libpjproject-i386-Win32-vc8-Debug.lib(LPCencode.obj) : warning LNK4099: PDB 'vc110.pdb' was not found with 'libpjproject-i386-Win32-vc8-Debug.lib(LPCencode.obj)' or at 'C:\A_PJSIP\PJSIP\Debug\vc110.pdb'; linking object as if no debug info
libpjproject-i386-Win32-vc8-Debug.lib(LPCdecode.obj) : warning LNK4099: PDB 'vc110.pdb' was not found with 'libpjproject-i386-Win32-vc8-Debug.lib(LPCdecode.obj)' or at 'C:\A_PJSIP\PJSIP\Debug\vc110.pdb'; linking object as if no debug info
libpjproject-i386-Win32-vc8-Debug.lib(iLBC_encode.obj) : warning LNK4099: PDB 'vc110.pdb' was not found with 'libpjproject-i386-Win32-vc8-Debug.lib(iLBC_encode.obj)' or at 'C:\A_PJSIP\PJSIP\Debug\vc110.pdb'; linking object as if no debug info
libpjproject-i386-Win32-vc8-Debug.lib(iLBC_decode.obj) : warning LNK4099: PDB 'vc110.pdb' was not found with 'libpjproject-i386-Win32-vc8-Debug.lib(iLBC_decode.obj)' or at 'C:\A_PJSIP\PJSIP\Debug\vc110.pdb'; linking object as if no debug info
libpjproject-i386-Win32-vc8-Debug.lib(iCBSearch.obj) : warning LNK4099: PDB 'vc110.pdb' was not found with 'libpjproject-i386-Win32-vc8-Debug.lib(iCBSearch.obj)' or at 'C:\A_PJSIP\PJSIP\Debug\vc110.pdb'; linking object as if no debug info
libpjproject-i386-Win32-vc8-Debug.lib(iCBConstruct.obj) : warning LNK4099: PDB 'vc110.pdb' was not found with 'libpjproject-i386-Win32-vc8-Debug.lib(iCBConstruct.obj)' or at 'C:\A_PJSIP\PJSIP\Debug\vc110.pdb'; linking object as if no debug info
libpjproject-i386-Win32-vc8-Debug.lib(hpOutput.obj) : warning LNK4099: PDB 'vc110.pdb' was not found with 'libpjproject-i386-Win32-vc8-Debug.lib(hpOutput.obj)' or at 'C:\A_PJSIP\PJSIP\Debug\vc110.pdb'; linking object as if no debug info
libpjproject-i386-Win32-vc8-Debug.lib(hpInput.obj) : warning LNK4099: PDB 'vc110.pdb' was not found with 'libpjproject-i386-Win32-vc8-Debug.lib(hpInput.obj)' or at 'C:\A_PJSIP\PJSIP\Debug\vc110.pdb'; linking object as if no debug info
libpjproject-i386-Win32-vc8-Debug.lib(helpfun.obj) : warning LNK4099: PDB 'vc110.pdb' was not found with 'libpjproject-i386-Win32-vc8-Debug.lib(helpfun.obj)' or at 'C:\A_PJSIP\PJSIP\Debug\vc110.pdb'; linking object as if no debug info
libpjproject-i386-Win32-vc8-Debug.lib(getCBvec.obj) : warning LNK4099: PDB 'vc110.pdb' was not found with 'libpjproject-i386-Win32-vc8-Debug.lib(getCBvec.obj)' or at 'C:\A_PJSIP\PJSIP\Debug\vc110.pdb'; linking object as if no debug info
libpjproject-i386-Win32-vc8-Debug.lib(gainquant.obj) : warning LNK4099: PDB 'vc110.pdb' was not found with 'libpjproject-i386-Win32-vc8-Debug.lib(gainquant.obj)' or at 'C:\A_PJSIP\PJSIP\Debug\vc110.pdb'; linking object as if no debug info
libpjproject-i386-Win32-vc8-Debug.lib(FrameClassify.obj) : warning LNK4099: PDB 'vc110.pdb' was not found with 'libpjproject-i386-Win32-vc8-Debug.lib(FrameClassify.obj)' or at 'C:\A_PJSIP\PJSIP\Debug\vc110.pdb'; linking object as if no debug info
libpjproject-i386-Win32-vc8-Debug.lib(filter.obj) : warning LNK4099: PDB 'vc110.pdb' was not found with 'libpjproject-i386-Win32-vc8-Debug.lib(filter.obj)' or at 'C:\A_PJSIP\PJSIP\Debug\vc110.pdb'; linking object as if no debug info
libpjproject-i386-Win32-vc8-Debug.lib(enhancer.obj) : warning LNK4099: PDB 'vc110.pdb' was not found with 'libpjproject-i386-Win32-vc8-Debug.lib(enhancer.obj)' or at 'C:\A_PJSIP\PJSIP\Debug\vc110.pdb'; linking object as if no debug info
libpjproject-i386-Win32-vc8-Debug.lib(doCPLC.obj) : warning LNK4099: PDB 'vc110.pdb' was not found with 'libpjproject-i386-Win32-vc8-Debug.lib(doCPLC.obj)' or at 'C:\A_PJSIP\PJSIP\Debug\vc110.pdb'; linking object as if no debug info
libpjproject-i386-Win32-vc8-Debug.lib(createCB.obj) : warning LNK4099: PDB 'vc110.pdb' was not found with 'libpjproject-i386-Win32-vc8-Debug.lib(createCB.obj)' or at 'C:\A_PJSIP\PJSIP\Debug\vc110.pdb'; linking object as if no debug info
libpjproject-i386-Win32-vc8-Debug.lib(constants.obj) : warning LNK4099: PDB 'vc110.pdb' was not found with 'libpjproject-i386-Win32-vc8-Debug.lib(constants.obj)' or at 'C:\A_PJSIP\PJSIP\Debug\vc110.pdb'; linking object as if no debug info
libpjproject-i386-Win32-vc8-Debug.lib(anaFilter.obj) : warning LNK4099: PDB 'vc110.pdb' was not found with 'libpjproject-i386-Win32-vc8-Debug.lib(anaFilter.obj)' or at 'C:\A_PJSIP\PJSIP\Debug\vc110.pdb'; linking object as if no debug info
libpjproject-i386-Win32-vc8-Debug.lib(table.obj) : warning LNK4099: PDB 'vc110.pdb' was not found with 'libpjproject-i386-Win32-vc8-Debug.lib(table.obj)' or at 'C:\A_PJSIP\PJSIP\Debug\vc110.pdb'; linking object as if no debug info
libpjproject-i386-Win32-vc8-Debug.lib(short_term.obj) : warning LNK4099: PDB 'vc110.pdb' was not found with 'libpjproject-i386-Win32-vc8-Debug.lib(short_term.obj)' or at 'C:\A_PJSIP\PJSIP\Debug\vc110.pdb'; linking object as if no debug info
libpjproject-i386-Win32-vc8-Debug.lib(rpe.obj) : warning LNK4099: PDB 'vc110.pdb' was not found with 'libpjproject-i386-Win32-vc8-Debug.lib(rpe.obj)' or at 'C:\A_PJSIP\PJSIP\Debug\vc110.pdb'; linking object as if no debug info
libpjproject-i386-Win32-vc8-Debug.lib(preprocess.obj) : warning LNK4099: PDB 'vc110.pdb' was not found with 'libpjproject-i386-Win32-vc8-Debug.lib(preprocess.obj)' or at 'C:\A_PJSIP\PJSIP\Debug\vc110.pdb'; linking object as if no debug info
libpjproject-i386-Win32-vc8-Debug.lib(lpc.obj) : warning LNK4099: PDB 'vc110.pdb' was not found with 'libpjproject-i386-Win32-vc8-Debug.lib(lpc.obj)' or at 'C:\A_PJSIP\PJSIP\Debug\vc110.pdb'; linking object as if no debug info
libpjproject-i386-Win32-vc8-Debug.lib(long_term.obj) : warning LNK4099: PDB 'vc110.pdb' was not found with 'libpjproject-i386-Win32-vc8-Debug.lib(long_term.obj)' or at 'C:\A_PJSIP\PJSIP\Debug\vc110.pdb'; linking object as if no debug info
libpjproject-i386-Win32-vc8-Debug.lib(gsm_encode.obj) : warning LNK4099: PDB 'vc110.pdb' was not found with 'libpjproject-i386-Win32-vc8-Debug.lib(gsm_encode.obj)' or at 'C:\A_PJSIP\PJSIP\Debug\vc110.pdb'; linking object as if no debug info
libpjproject-i386-Win32-vc8-Debug.lib(gsm_destroy.obj) : warning LNK4099: PDB 'vc110.pdb' was not found with 'libpjproject-i386-Win32-vc8-Debug.lib(gsm_destroy.obj)' or at 'C:\A_PJSIP\PJSIP\Debug\vc110.pdb'; linking object as if no debug info
libpjproject-i386-Win32-vc8-Debug.lib(gsm_decode.obj) : warning LNK4099: PDB 'vc110.pdb' was not found with 'libpjproject-i386-Win32-vc8-Debug.lib(gsm_decode.obj)' or at 'C:\A_PJSIP\PJSIP\Debug\vc110.pdb'; linking object as if no debug info
libpjproject-i386-Win32-vc8-Debug.lib(gsm_create.obj) : warning LNK4099: PDB 'vc110.pdb' was not found with 'libpjproject-i386-Win32-vc8-Debug.lib(gsm_create.obj)' or at 'C:\A_PJSIP\PJSIP\Debug\vc110.pdb'; linking object as if no debug info
libpjproject-i386-Win32-vc8-Debug.lib(decode.obj) : warning LNK4099: PDB 'vc110.pdb' was not found with 'libpjproject-i386-Win32-vc8-Debug.lib(decode.obj)' or at 'C:\A_PJSIP\PJSIP\Debug\vc110.pdb'; linking object as if no debug info
libpjproject-i386-Win32-vc8-Debug.lib(code.obj) : warning LNK4099: PDB 'vc110.pdb' was not found with 'libpjproject-i386-Win32-vc8-Debug.lib(code.obj)' or at 'C:\A_PJSIP\PJSIP\Debug\vc110.pdb'; linking object as if no debug info
libpjproject-i386-Win32-vc8-Debug.lib(add.obj) : warning LNK4099: PDB 'vc110.pdb' was not found with 'libpjproject-i386-Win32-vc8-Debug.lib(add.obj)' or at 'C:\A_PJSIP\PJSIP\Debug\vc110.pdb'; linking object as if no debug info
libpjproject-i386-Win32-vc8-Debug.lib(pjsua_pres.obj) : warning LNK4099: PDB 'vc110.pdb' was not found with 'libpjproject-i386-Win32-vc8-Debug.lib(pjsua_pres.obj)' or at 'C:\A_PJSIP\PJSIP\Debug\vc110.pdb'; linking object as if no debug info
libpjproject-i386-Win32-vc8-Debug.lib(pjsua_media.obj) : warning LNK4099: PDB 'vc110.pdb' was not found with 'libpjproject-i386-Win32-vc8-Debug.lib(pjsua_media.obj)' or at 'C:\A_PJSIP\PJSIP\Debug\vc110.pdb'; linking object as if no debug info
libpjproject-i386-Win32-vc8-Debug.lib(pjsua_im.obj) : warning LNK4099: PDB 'vc110.pdb' was not found with 'libpjproject-i386-Win32-vc8-Debug.lib(pjsua_im.obj)' or at 'C:\A_PJSIP\PJSIP\Debug\vc110.pdb'; linking object as if no debug info
libpjproject-i386-Win32-vc8-Debug.lib(pjsua_dump.obj) : warning LNK4099: PDB 'vc110.pdb' was not found with 'libpjproject-i386-Win32-vc8-Debug.lib(pjsua_dump.obj)' or at 'C:\A_PJSIP\PJSIP\Debug\vc110.pdb'; linking object as if no debug info
libpjproject-i386-Win32-vc8-Debug.lib(pjsua_core.obj) : warning LNK4099: PDB 'vc110.pdb' was not found with 'libpjproject-i386-Win32-vc8-Debug.lib(pjsua_core.obj)' or at 'C:\A_PJSIP\PJSIP\Debug\vc110.pdb'; linking object as if no debug info
libpjproject-i386-Win32-vc8-Debug.lib(pjsua_call.obj) : warning LNK4099: PDB 'vc110.pdb' was not found with 'libpjproject-i386-Win32-vc8-Debug.lib(pjsua_call.obj)' or at 'C:\A_PJSIP\PJSIP\Debug\vc110.pdb'; linking object as if no debug info
libpjproject-i386-Win32-vc8-Debug.lib(pjsua_aud.obj) : warning LNK4099: PDB 'vc110.pdb' was not found with 'libpjproject-i386-Win32-vc8-Debug.lib(pjsua_aud.obj)' or at 'C:\A_PJSIP\PJSIP\Debug\vc110.pdb'; linking object as if no debug info
libpjproject-i386-Win32-vc8-Debug.lib(pjsua_acc.obj) : warning LNK4099: PDB 'vc110.pdb' was not found with 'libpjproject-i386-Win32-vc8-Debug.lib(pjsua_acc.obj)' or at 'C:\A_PJSIP\PJSIP\Debug\vc110.pdb'; linking object as if no debug info
libpjproject-i386-Win32-vc8-Debug.lib(types.obj) : warning LNK4099: PDB 'vc110.pdb' was not found with 'libpjproject-i386-Win32-vc8-Debug.lib(types.obj)' or at 'C:\A_PJSIP\PJSIP\Debug\vc110.pdb'; linking object as if no debug info
libpjproject-i386-Win32-vc8-Debug.lib(siptypes.obj) : warning LNK4099: PDB 'vc110.pdb' was not found with 'libpjproject-i386-Win32-vc8-Debug.lib(siptypes.obj)' or at 'C:\A_PJSIP\PJSIP\Debug\vc110.pdb'; linking object as if no debug info
libpjproject-i386-Win32-vc8-Debug.lib(presence.obj) : warning LNK4099: PDB 'vc110.pdb' was not found with 'libpjproject-i386-Win32-vc8-Debug.lib(presence.obj)' or at 'C:\A_PJSIP\PJSIP\Debug\vc110.pdb'; linking object as if no debug info
libpjproject-i386-Win32-vc8-Debug.lib(persistent.obj) : warning LNK4099: PDB 'vc110.pdb' was not found with 'libpjproject-i386-Win32-vc8-Debug.lib(persistent.obj)' or at 'C:\A_PJSIP\PJSIP\Debug\vc110.pdb'; linking object as if no debug info
libpjproject-i386-Win32-vc8-Debug.lib(media.obj) : warning LNK4099: PDB 'vc110.pdb' was not found with 'libpjproject-i386-Win32-vc8-Debug.lib(media.obj)' or at 'C:\A_PJSIP\PJSIP\Debug\vc110.pdb'; linking object as if no debug info
libpjproject-i386-Win32-vc8-Debug.lib(endpoint.obj) : warning LNK4099: PDB 'vc110.pdb' was not found with 'libpjproject-i386-Win32-vc8-Debug.lib(endpoint.obj)' or at 'C:\A_PJSIP\PJSIP\Debug\vc110.pdb'; linking object as if no debug info
libpjproject-i386-Win32-vc8-Debug.lib(call.obj) : warning LNK4099: PDB 'vc110.pdb' was not found with 'libpjproject-i386-Win32-vc8-Debug.lib(call.obj)' or at 'C:\A_PJSIP\PJSIP\Debug\vc110.pdb'; linking object as if no debug info
libpjproject-i386-Win32-vc8-Debug.lib(account.obj) : warning LNK4099: PDB 'vc110.pdb' was not found with 'libpjproject-i386-Win32-vc8-Debug.lib(account.obj)' or at 'C:\A_PJSIP\PJSIP\Debug\vc110.pdb'; linking object as if no debug info
libpjproject-i386-Win32-vc8-Debug.lib(sip_xfer.obj) : warning LNK4099: PDB 'vc110.pdb' was not found with 'libpjproject-i386-Win32-vc8-Debug.lib(sip_xfer.obj)' or at 'C:\A_PJSIP\PJSIP\Debug\vc110.pdb'; linking object as if no debug info
libpjproject-i386-Win32-vc8-Debug.lib(sip_timer.obj) : warning LNK4099: PDB 'vc110.pdb' was not found with 'libpjproject-i386-Win32-vc8-Debug.lib(sip_timer.obj)' or at 'C:\A_PJSIP\PJSIP\Debug\vc110.pdb'; linking object as if no debug info
libpjproject-i386-Win32-vc8-Debug.lib(sip_replaces.obj) : warning LNK4099: PDB 'vc110.pdb' was not found with 'libpjproject-i386-Win32-vc8-Debug.lib(sip_replaces.obj)' or at 'C:\A_PJSIP\PJSIP\Debug\vc110.pdb'; linking object as if no debug info
libpjproject-i386-Win32-vc8-Debug.lib(sip_reg.obj) : warning LNK4099: PDB 'vc110.pdb' was not found with 'libpjproject-i386-Win32-vc8-Debug.lib(sip_reg.obj)' or at 'C:\A_PJSIP\PJSIP\Debug\vc110.pdb'; linking object as if no debug info
libpjproject-i386-Win32-vc8-Debug.lib(sip_inv.obj) : warning LNK4099: PDB 'vc110.pdb' was not found with 'libpjproject-i386-Win32-vc8-Debug.lib(sip_inv.obj)' or at 'C:\A_PJSIP\PJSIP\Debug\vc110.pdb'; linking object as if no debug info
libpjproject-i386-Win32-vc8-Debug.lib(sip_100rel.obj) : warning LNK4099: PDB 'vc110.pdb' was not found with 'libpjproject-i386-Win32-vc8-Debug.lib(sip_100rel.obj)' or at 'C:\A_PJSIP\PJSIP\Debug\vc110.pdb'; linking object as if no debug info
libpjproject-i386-Win32-vc8-Debug.lib(xpidf.obj) : warning LNK4099: PDB 'vc110.pdb' was not found with 'libpjproject-i386-Win32-vc8-Debug.lib(xpidf.obj)' or at 'C:\A_PJSIP\PJSIP\Debug\vc110.pdb'; linking object as if no debug info
libpjproject-i386-Win32-vc8-Debug.lib(rpid.obj) : warning LNK4099: PDB 'vc110.pdb' was not found with 'libpjproject-i386-Win32-vc8-Debug.lib(rpid.obj)' or at 'C:\A_PJSIP\PJSIP\Debug\vc110.pdb'; linking object as if no debug info
libpjproject-i386-Win32-vc8-Debug.lib(publishc.obj) : warning LNK4099: PDB 'vc110.pdb' was not found with 'libpjproject-i386-Win32-vc8-Debug.lib(publishc.obj)' or at 'C:\A_PJSIP\PJSIP\Debug\vc110.pdb'; linking object as if no debug info
libpjproject-i386-Win32-vc8-Debug.lib(presence_body.obj) : warning LNK4099: PDB 'vc110.pdb' was not found with 'libpjproject-i386-Win32-vc8-Debug.lib(presence_body.obj)' or at 'C:\A_PJSIP\PJSIP\Debug\vc110.pdb'; linking object as if no debug info
libpjproject-i386-Win32-vc8-Debug.lib(presence.obj) : warning LNK4099: PDB 'vc110.pdb' was not found with 'libpjproject-i386-Win32-vc8-Debug.lib(presence.obj)' or at 'C:\A_PJSIP\PJSIP\Debug\vc110.pdb'; linking object as if no debug info
libpjproject-i386-Win32-vc8-Debug.lib(pidf.obj) : warning LNK4099: PDB 'vc110.pdb' was not found with 'libpjproject-i386-Win32-vc8-Debug.lib(pidf.obj)' or at 'C:\A_PJSIP\PJSIP\Debug\vc110.pdb'; linking object as if no debug info
libpjproject-i386-Win32-vc8-Debug.lib(mwi.obj) : warning LNK4099: PDB 'vc110.pdb' was not found with 'libpjproject-i386-Win32-vc8-Debug.lib(mwi.obj)' or at 'C:\A_PJSIP\PJSIP\Debug\vc110.pdb'; linking object as if no debug info
libpjproject-i386-Win32-vc8-Debug.lib(iscomposing.obj) : warning LNK4099: PDB 'vc110.pdb' was not found with 'libpjproject-i386-Win32-vc8-Debug.lib(iscomposing.obj)' or at 'C:\A_PJSIP\PJSIP\Debug\vc110.pdb'; linking object as if no debug info
libpjproject-i386-Win32-vc8-Debug.lib(evsub_msg.obj) : warning LNK4099: PDB 'vc110.pdb' was not found with 'libpjproject-i386-Win32-vc8-Debug.lib(evsub_msg.obj)' or at 'C:\A_PJSIP\PJSIP\Debug\vc110.pdb'; linking object as if no debug info
libpjproject-i386-Win32-vc8-Debug.lib(evsub.obj) : warning LNK4099: PDB 'vc110.pdb' was not found with 'libpjproject-i386-Win32-vc8-Debug.lib(evsub.obj)' or at 'C:\A_PJSIP\PJSIP\Debug\vc110.pdb'; linking object as if no debug info
libpjproject-i386-Win32-vc8-Debug.lib(errno.obj) : warning LNK4099: PDB 'vc110.pdb' was not found with 'libpjproject-i386-Win32-vc8-Debug.lib(errno.obj)' or at 'C:\A_PJSIP\PJSIP\Debug\vc110.pdb'; linking object as if no debug info
libpjproject-i386-Win32-vc8-Debug.lib(sip_ua_layer.obj) : warning LNK4099: PDB 'vc110.pdb' was not found with 'libpjproject-i386-Win32-vc8-Debug.lib(sip_ua_layer.obj)' or at 'C:\A_PJSIP\PJSIP\Debug\vc110.pdb'; linking object as if no debug info
libpjproject-i386-Win32-vc8-Debug.lib(sip_dialog.obj) : warning LNK4099: PDB 'vc110.pdb' was not found with 'libpjproject-i386-Win32-vc8-Debug.lib(sip_dialog.obj)' or at 'C:\A_PJSIP\PJSIP\Debug\vc110.pdb'; linking object as if no debug info
libpjproject-i386-Win32-vc8-Debug.lib(sip_util_statefull.obj) : warning LNK4099: PDB 'vc110.pdb' was not found with 'libpjproject-i386-Win32-vc8-Debug.lib(sip_util_statefull.obj)' or at 'C:\A_PJSIP\PJSIP\Debug\vc110.pdb'; linking object as if no debug info
libpjproject-i386-Win32-vc8-Debug.lib(sip_transaction.obj) : warning LNK4099: PDB 'vc110.pdb' was not found with 'libpjproject-i386-Win32-vc8-Debug.lib(sip_transaction.obj)' or at 'C:\A_PJSIP\PJSIP\Debug\vc110.pdb'; linking object as if no debug info
libpjproject-i386-Win32-vc8-Debug.lib(sip_auth_parser.obj) : warning LNK4099: PDB 'vc110.pdb' was not found with 'libpjproject-i386-Win32-vc8-Debug.lib(sip_auth_parser.obj)' or at 'C:\A_PJSIP\PJSIP\Debug\vc110.pdb'; linking object as if no debug info
libpjproject-i386-Win32-vc8-Debug.lib(sip_auth_msg.obj) : warning LNK4099: PDB 'vc110.pdb' was not found with 'libpjproject-i386-Win32-vc8-Debug.lib(sip_auth_msg.obj)' or at 'C:\A_PJSIP\PJSIP\Debug\vc110.pdb'; linking object as if no debug info
libpjproject-i386-Win32-vc8-Debug.lib(sip_auth_client.obj) : warning LNK4099: PDB 'vc110.pdb' was not found with 'libpjproject-i386-Win32-vc8-Debug.lib(sip_auth_client.obj)' or at 'C:\A_PJSIP\PJSIP\Debug\vc110.pdb'; linking object as if no debug info
libpjproject-i386-Win32-vc8-Debug.lib(sip_transport_udp.obj) : warning LNK4099: PDB 'vc110.pdb' was not found with 'libpjproject-i386-Win32-vc8-Debug.lib(sip_transport_udp.obj)' or at 'C:\A_PJSIP\PJSIP\Debug\vc110.pdb'; linking object as if no debug info
libpjproject-i386-Win32-vc8-Debug.lib(sip_transport_tcp.obj) : warning LNK4099: PDB 'vc110.pdb' was not found with 'libpjproject-i386-Win32-vc8-Debug.lib(sip_transport_tcp.obj)' or at 'C:\A_PJSIP\PJSIP\Debug\vc110.pdb'; linking object as if no debug info
libpjproject-i386-Win32-vc8-Debug.lib(sip_transport.obj) : warning LNK4099: PDB 'vc110.pdb' was not found with 'libpjproject-i386-Win32-vc8-Debug.lib(sip_transport.obj)' or at 'C:\A_PJSIP\PJSIP\Debug\vc110.pdb'; linking object as if no debug info
libpjproject-i386-Win32-vc8-Debug.lib(sip_resolve.obj) : warning LNK4099: PDB 'vc110.pdb' was not found with 'libpjproject-i386-Win32-vc8-Debug.lib(sip_resolve.obj)' or at 'C:\A_PJSIP\PJSIP\Debug\vc110.pdb'; linking object as if no debug info
libpjproject-i386-Win32-vc8-Debug.lib(sip_util.obj) : warning LNK4099: PDB 'vc110.pdb' was not found with 'libpjproject-i386-Win32-vc8-Debug.lib(sip_util.obj)' or at 'C:\A_PJSIP\PJSIP\Debug\vc110.pdb'; linking object as if no debug info
libpjproject-i386-Win32-vc8-Debug.lib(sip_endpoint.obj) : warning LNK4099: PDB 'vc110.pdb' was not found with 'libpjproject-i386-Win32-vc8-Debug.lib(sip_endpoint.obj)' or at 'C:\A_PJSIP\PJSIP\Debug\vc110.pdb'; linking object as if no debug info
libpjproject-i386-Win32-vc8-Debug.lib(sip_config.obj) : warning LNK4099: PDB 'vc110.pdb' was not found with 'libpjproject-i386-Win32-vc8-Debug.lib(sip_config.obj)' or at 'C:\A_PJSIP\PJSIP\Debug\vc110.pdb'; linking object as if no debug info
libpjproject-i386-Win32-vc8-Debug.lib(sip_uri.obj) : warning LNK4099: PDB 'vc110.pdb' was not found with 'libpjproject-i386-Win32-vc8-Debug.lib(sip_uri.obj)' or at 'C:\A_PJSIP\PJSIP\Debug\vc110.pdb'; linking object as if no debug info
libpjproject-i386-Win32-vc8-Debug.lib(sip_tel_uri.obj) : warning LNK4099: PDB 'vc110.pdb' was not found with 'libpjproject-i386-Win32-vc8-Debug.lib(sip_tel_uri.obj)' or at 'C:\A_PJSIP\PJSIP\Debug\vc110.pdb'; linking object as if no debug info
libpjproject-i386-Win32-vc8-Debug.lib(sip_parser.obj) : warning LNK4099: PDB 'vc110.pdb' was not found with 'libpjproject-i386-Win32-vc8-Debug.lib(sip_parser.obj)' or at 'C:\A_PJSIP\PJSIP\Debug\vc110.pdb'; linking object as if no debug info
libpjproject-i386-Win32-vc8-Debug.lib(sip_multipart.obj) : warning LNK4099: PDB 'vc110.pdb' was not found with 'libpjproject-i386-Win32-vc8-Debug.lib(sip_multipart.obj)' or at 'C:\A_PJSIP\PJSIP\Debug\vc110.pdb'; linking object as if no debug info
libpjproject-i386-Win32-vc8-Debug.lib(sip_msg.obj) : warning LNK4099: PDB 'vc110.pdb' was not found with 'libpjproject-i386-Win32-vc8-Debug.lib(sip_msg.obj)' or at 'C:\A_PJSIP\PJSIP\Debug\vc110.pdb'; linking object as if no debug info
libpjproject-i386-Win32-vc8-Debug.lib(sip_errno.obj) : warning LNK4099: PDB 'vc110.pdb' was not found with 'libpjproject-i386-Win32-vc8-Debug.lib(sip_errno.obj)' or at 'C:\A_PJSIP\PJSIP\Debug\vc110.pdb'; linking object as if no debug info
libpjproject-i386-Win32-vc8-Debug.lib(turn_sock.obj) : warning LNK4099: PDB 'vc110.pdb' was not found with 'libpjproject-i386-Win32-vc8-Debug.lib(turn_sock.obj)' or at 'C:\A_PJSIP\PJSIP\Debug\vc110.pdb'; linking object as if no debug info
libpjproject-i386-Win32-vc8-Debug.lib(turn_session.obj) : warning LNK4099: PDB 'vc110.pdb' was not found with 'libpjproject-i386-Win32-vc8-Debug.lib(turn_session.obj)' or at 'C:\A_PJSIP\PJSIP\Debug\vc110.pdb'; linking object as if no debug info
libpjproject-i386-Win32-vc8-Debug.lib(stun_transaction.obj) : warning LNK4099: PDB 'vc110.pdb' was not found with 'libpjproject-i386-Win32-vc8-Debug.lib(stun_transaction.obj)' or at 'C:\A_PJSIP\PJSIP\Debug\vc110.pdb'; linking object as if no debug info
libpjproject-i386-Win32-vc8-Debug.lib(stun_sock.obj) : warning LNK4099: PDB 'vc110.pdb' was not found with 'libpjproject-i386-Win32-vc8-Debug.lib(stun_sock.obj)' or at 'C:\A_PJSIP\PJSIP\Debug\vc110.pdb'; linking object as if no debug info
libpjproject-i386-Win32-vc8-Debug.lib(stun_session.obj) : warning LNK4099: PDB 'vc110.pdb' was not found with 'libpjproject-i386-Win32-vc8-Debug.lib(stun_session.obj)' or at 'C:\A_PJSIP\PJSIP\Debug\vc110.pdb'; linking object as if no debug info
libpjproject-i386-Win32-vc8-Debug.lib(stun_msg_dump.obj) : warning LNK4099: PDB 'vc110.pdb' was not found with 'libpjproject-i386-Win32-vc8-Debug.lib(stun_msg_dump.obj)' or at 'C:\A_PJSIP\PJSIP\Debug\vc110.pdb'; linking object as if no debug info
libpjproject-i386-Win32-vc8-Debug.lib(stun_msg.obj) : warning LNK4099: PDB 'vc110.pdb' was not found with 'libpjproject-i386-Win32-vc8-Debug.lib(stun_msg.obj)' or at 'C:\A_PJSIP\PJSIP\Debug\vc110.pdb'; linking object as if no debug info
libpjproject-i386-Win32-vc8-Debug.lib(stun_auth.obj) : warning LNK4099: PDB 'vc110.pdb' was not found with 'libpjproject-i386-Win32-vc8-Debug.lib(stun_auth.obj)' or at 'C:\A_PJSIP\PJSIP\Debug\vc110.pdb'; linking object as if no debug info
libpjproject-i386-Win32-vc8-Debug.lib(nat_detect.obj) : warning LNK4099: PDB 'vc110.pdb' was not found with 'libpjproject-i386-Win32-vc8-Debug.lib(nat_detect.obj)' or at 'C:\A_PJSIP\PJSIP\Debug\vc110.pdb'; linking object as if no debug info
libpjproject-i386-Win32-vc8-Debug.lib(ice_strans.obj) : warning LNK4099: PDB 'vc110.pdb' was not found with 'libpjproject-i386-Win32-vc8-Debug.lib(ice_strans.obj)' or at 'C:\A_PJSIP\PJSIP\Debug\vc110.pdb'; linking object as if no debug info
libpjproject-i386-Win32-vc8-Debug.lib(ice_session.obj) : warning LNK4099: PDB 'vc110.pdb' was not found with 'libpjproject-i386-Win32-vc8-Debug.lib(ice_session.obj)' or at 'C:\A_PJSIP\PJSIP\Debug\vc110.pdb'; linking object as if no debug info
libpjproject-i386-Win32-vc8-Debug.lib(errno.obj) : warning LNK4099: PDB 'vc110.pdb' was not found with 'libpjproject-i386-Win32-vc8-Debug.lib(errno.obj)' or at 'C:\A_PJSIP\PJSIP\Debug\vc110.pdb'; linking object as if no debug info
libpjproject-i386-Win32-vc8-Debug.lib(g722_enc.obj) : warning LNK4099: PDB 'vc110.pdb' was not found with 'libpjproject-i386-Win32-vc8-Debug.lib(g722_enc.obj)' or at 'C:\A_PJSIP\PJSIP\Debug\vc110.pdb'; linking object as if no debug info
libpjproject-i386-Win32-vc8-Debug.lib(g722_dec.obj) : warning LNK4099: PDB 'vc110.pdb' was not found with 'libpjproject-i386-Win32-vc8-Debug.lib(g722_dec.obj)' or at 'C:\A_PJSIP\PJSIP\Debug\vc110.pdb'; linking object as if no debug info
libpjproject-i386-Win32-vc8-Debug.lib(speex_codec.obj) : warning LNK4099: PDB 'vc110.pdb' was not found with 'libpjproject-i386-Win32-vc8-Debug.lib(speex_codec.obj)' or at 'C:\A_PJSIP\PJSIP\Debug\vc110.pdb'; linking object as if no debug info
libpjproject-i386-Win32-vc8-Debug.lib(l16.obj) : warning LNK4099: PDB 'vc110.pdb' was not found with 'libpjproject-i386-Win32-vc8-Debug.lib(l16.obj)' or at 'C:\A_PJSIP\PJSIP\Debug\vc110.pdb'; linking object as if no debug info
libpjproject-i386-Win32-vc8-Debug.lib(ilbc.obj) : warning LNK4099: PDB 'vc110.pdb' was not found with 'libpjproject-i386-Win32-vc8-Debug.lib(ilbc.obj)' or at 'C:\A_PJSIP\PJSIP\Debug\vc110.pdb'; linking object as if no debug info
libpjproject-i386-Win32-vc8-Debug.lib(gsm.obj) : warning LNK4099: PDB 'vc110.pdb' was not found with 'libpjproject-i386-Win32-vc8-Debug.lib(gsm.obj)' or at 'C:\A_PJSIP\PJSIP\Debug\vc110.pdb'; linking object as if no debug info
libpjproject-i386-Win32-vc8-Debug.lib(g722.obj) : warning LNK4099: PDB 'vc110.pdb' was not found with 'libpjproject-i386-Win32-vc8-Debug.lib(g722.obj)' or at 'C:\A_PJSIP\PJSIP\Debug\vc110.pdb'; linking object as if no debug info
libpjproject-i386-Win32-vc8-Debug.lib(audio_codecs.obj) : warning LNK4099: PDB 'vc110.pdb' was not found with 'libpjproject-i386-Win32-vc8-Debug.lib(audio_codecs.obj)' or at 'C:\A_PJSIP\PJSIP\Debug\vc110.pdb'; linking object as if no debug info
libpjproject-i386-Win32-vc8-Debug.lib(wmme_dev.obj) : warning LNK4099: PDB 'vc110.pdb' was not found with 'libpjproject-i386-Win32-vc8-Debug.lib(wmme_dev.obj)' or at 'C:\A_PJSIP\PJSIP\Debug\vc110.pdb'; linking object as if no debug info
libpjproject-i386-Win32-vc8-Debug.lib(errno.obj) : warning LNK4099: PDB 'vc110.pdb' was not found with 'libpjproject-i386-Win32-vc8-Debug.lib(errno.obj)' or at 'C:\A_PJSIP\PJSIP\Debug\vc110.pdb'; linking object as if no debug info
libpjproject-i386-Win32-vc8-Debug.lib(audiodev.obj) : warning LNK4099: PDB 'vc110.pdb' was not found with 'libpjproject-i386-Win32-vc8-Debug.lib(audiodev.obj)' or at 'C:\A_PJSIP\PJSIP\Debug\vc110.pdb'; linking object as if no debug info
libpjproject-i386-Win32-vc8-Debug.lib(wsola.obj) : warning LNK4099: PDB 'vc110.pdb' was not found with 'libpjproject-i386-Win32-vc8-Debug.lib(wsola.obj)' or at 'C:\A_PJSIP\PJSIP\Debug\vc110.pdb'; linking object as if no debug info
libpjproject-i386-Win32-vc8-Debug.lib(wave.obj) : warning LNK4099: PDB 'vc110.pdb' was not found with 'libpjproject-i386-Win32-vc8-Debug.lib(wave.obj)' or at 'C:\A_PJSIP\PJSIP\Debug\vc110.pdb'; linking object as if no debug info
libpjproject-i386-Win32-vc8-Debug.lib(wav_writer.obj) : warning LNK4099: PDB 'vc110.pdb' was not found with 'libpjproject-i386-Win32-vc8-Debug.lib(wav_writer.obj)' or at 'C:\A_PJSIP\PJSIP\Debug\vc110.pdb'; linking object as if no debug info
libpjproject-i386-Win32-vc8-Debug.lib(wav_playlist.obj) : warning LNK4099: PDB 'vc110.pdb' was not found with 'libpjproject-i386-Win32-vc8-Debug.lib(wav_playlist.obj)' or at 'C:\A_PJSIP\PJSIP\Debug\vc110.pdb'; linking object as if no debug info
libpjproject-i386-Win32-vc8-Debug.lib(wav_player.obj) : warning LNK4099: PDB 'vc110.pdb' was not found with 'libpjproject-i386-Win32-vc8-Debug.lib(wav_player.obj)' or at 'C:\A_PJSIP\PJSIP\Debug\vc110.pdb'; linking object as if no debug info
libpjproject-i386-Win32-vc8-Debug.lib(transport_udp.obj) : warning LNK4099: PDB 'vc110.pdb' was not found with 'libpjproject-i386-Win32-vc8-Debug.lib(transport_udp.obj)' or at 'C:\A_PJSIP\PJSIP\Debug\vc110.pdb'; linking object as if no debug info
libpjproject-i386-Win32-vc8-Debug.lib(transport_srtp.obj) : warning LNK4099: PDB 'vc110.pdb' was not found with 'libpjproject-i386-Win32-vc8-Debug.lib(transport_srtp.obj)' or at 'C:\A_PJSIP\PJSIP\Debug\vc110.pdb'; linking object as if no debug info
libpjproject-i386-Win32-vc8-Debug.lib(transport_ice.obj) : warning LNK4099: PDB 'vc110.pdb' was not found with 'libpjproject-i386-Win32-vc8-Debug.lib(transport_ice.obj)' or at 'C:\A_PJSIP\PJSIP\Debug\vc110.pdb'; linking object as if no debug info
libpjproject-i386-Win32-vc8-Debug.lib(tonegen.obj) : warning LNK4099: PDB 'vc110.pdb' was not found with 'libpjproject-i386-Win32-vc8-Debug.lib(tonegen.obj)' or at 'C:\A_PJSIP\PJSIP\Debug\vc110.pdb'; linking object as if no debug info
libpjproject-i386-Win32-vc8-Debug.lib(stream_info.obj) : warning LNK4099: PDB 'vc110.pdb' was not found with 'libpjproject-i386-Win32-vc8-Debug.lib(stream_info.obj)' or at 'C:\A_PJSIP\PJSIP\Debug\vc110.pdb'; linking object as if no debug info
libpjproject-i386-Win32-vc8-Debug.lib(stream_common.obj) : warning LNK4099: PDB 'vc110.pdb' was not found with 'libpjproject-i386-Win32-vc8-Debug.lib(stream_common.obj)' or at 'C:\A_PJSIP\PJSIP\Debug\vc110.pdb'; linking object as if no debug info
libpjproject-i386-Win32-vc8-Debug.lib(stream.obj) : warning LNK4099: PDB 'vc110.pdb' was not found with 'libpjproject-i386-Win32-vc8-Debug.lib(stream.obj)' or at 'C:\A_PJSIP\PJSIP\Debug\vc110.pdb'; linking object as if no debug info
libpjproject-i386-Win32-vc8-Debug.lib(sound_port.obj) : warning LNK4099: PDB 'vc110.pdb' was not found with 'libpjproject-i386-Win32-vc8-Debug.lib(sound_port.obj)' or at 'C:\A_PJSIP\PJSIP\Debug\vc110.pdb'; linking object as if no debug info
libpjproject-i386-Win32-vc8-Debug.lib(silencedet.obj) : warning LNK4099: PDB 'vc110.pdb' was not found with 'libpjproject-i386-Win32-vc8-Debug.lib(silencedet.obj)' or at 'C:\A_PJSIP\PJSIP\Debug\vc110.pdb'; linking object as if no debug info
libpjproject-i386-Win32-vc8-Debug.lib(sdp_neg.obj) : warning LNK4099: PDB 'vc110.pdb' was not found with 'libpjproject-i386-Win32-vc8-Debug.lib(sdp_neg.obj)' or at 'C:\A_PJSIP\PJSIP\Debug\vc110.pdb'; linking object as if no debug info
libpjproject-i386-Win32-vc8-Debug.lib(sdp.obj) : warning LNK4099: PDB 'vc110.pdb' was not found with 'libpjproject-i386-Win32-vc8-Debug.lib(sdp.obj)' or at 'C:\A_PJSIP\PJSIP\Debug\vc110.pdb'; linking object as if no debug info
libpjproject-i386-Win32-vc8-Debug.lib(rtp.obj) : warning LNK4099: PDB 'vc110.pdb' was not found with 'libpjproject-i386-Win32-vc8-Debug.lib(rtp.obj)' or at 'C:\A_PJSIP\PJSIP\Debug\vc110.pdb'; linking object as if no debug info
libpjproject-i386-Win32-vc8-Debug.lib(rtcp.obj) : warning LNK4099: PDB 'vc110.pdb' was not found with 'libpjproject-i386-Win32-vc8-Debug.lib(rtcp.obj)' or at 'C:\A_PJSIP\PJSIP\Debug\vc110.pdb'; linking object as if no debug info
libpjproject-i386-Win32-vc8-Debug.lib(resample_resample.obj) : warning LNK4099: PDB 'vc110.pdb' was not found with 'libpjproject-i386-Win32-vc8-Debug.lib(resample_resample.obj)' or at 'C:\A_PJSIP\PJSIP\Debug\vc110.pdb'; linking object as if no debug info
libpjproject-i386-Win32-vc8-Debug.lib(resample_port.obj) : warning LNK4099: PDB 'vc110.pdb' was not found with 'libpjproject-i386-Win32-vc8-Debug.lib(resample_port.obj)' or at 'C:\A_PJSIP\PJSIP\Debug\vc110.pdb'; linking object as if no debug info
libpjproject-i386-Win32-vc8-Debug.lib(port.obj) : warning LNK4099: PDB 'vc110.pdb' was not found with 'libpjproject-i386-Win32-vc8-Debug.lib(port.obj)' or at 'C:\A_PJSIP\PJSIP\Debug\vc110.pdb'; linking object as if no debug info
libpjproject-i386-Win32-vc8-Debug.lib(plc_common.obj) : warning LNK4099: PDB 'vc110.pdb' was not found with 'libpjproject-i386-Win32-vc8-Debug.lib(plc_common.obj)' or at 'C:\A_PJSIP\PJSIP\Debug\vc110.pdb'; linking object as if no debug info
libpjproject-i386-Win32-vc8-Debug.lib(null_port.obj) : warning LNK4099: PDB 'vc110.pdb' was not found with 'libpjproject-i386-Win32-vc8-Debug.lib(null_port.obj)' or at 'C:\A_PJSIP\PJSIP\Debug\vc110.pdb'; linking object as if no debug info
libpjproject-i386-Win32-vc8-Debug.lib(master_port.obj) : warning LNK4099: PDB 'vc110.pdb' was not found with 'libpjproject-i386-Win32-vc8-Debug.lib(master_port.obj)' or at 'C:\A_PJSIP\PJSIP\Debug\vc110.pdb'; linking object as if no debug info
libpjproject-i386-Win32-vc8-Debug.lib(jbuf.obj) : warning LNK4099: PDB 'vc110.pdb' was not found with 'libpjproject-i386-Win32-vc8-Debug.lib(jbuf.obj)' or at 'C:\A_PJSIP\PJSIP\Debug\vc110.pdb'; linking object as if no debug info
libpjproject-i386-Win32-vc8-Debug.lib(g711.obj) : warning LNK4099: PDB 'vc110.pdb' was not found with 'libpjproject-i386-Win32-vc8-Debug.lib(g711.obj)' or at 'C:\A_PJSIP\PJSIP\Debug\vc110.pdb'; linking object as if no debug info
libpjproject-i386-Win32-vc8-Debug.lib(format.obj) : warning LNK4099: PDB 'vc110.pdb' was not found with 'libpjproject-i386-Win32-vc8-Debug.lib(format.obj)' or at 'C:\A_PJSIP\PJSIP\Debug\vc110.pdb'; linking object as if no debug info
libpjproject-i386-Win32-vc8-Debug.lib(errno.obj) : warning LNK4099: PDB 'vc110.pdb' was not found with 'libpjproject-i386-Win32-vc8-Debug.lib(errno.obj)' or at 'C:\A_PJSIP\PJSIP\Debug\vc110.pdb'; linking object as if no debug info
libpjproject-i386-Win32-vc8-Debug.lib(endpoint.obj) : warning LNK4099: PDB 'vc110.pdb' was not found with 'libpjproject-i386-Win32-vc8-Debug.lib(endpoint.obj)' or at 'C:\A_PJSIP\PJSIP\Debug\vc110.pdb'; linking object as if no debug info
libpjproject-i386-Win32-vc8-Debug.lib(echo_suppress.obj) : warning LNK4099: PDB 'vc110.pdb' was not found with 'libpjproject-i386-Win32-vc8-Debug.lib(echo_suppress.obj)' or at 'C:\A_PJSIP\PJSIP\Debug\vc110.pdb'; linking object as if no debug info
libpjproject-i386-Win32-vc8-Debug.lib(echo_speex.obj) : warning LNK4099: PDB 'vc110.pdb' was not found with 'libpjproject-i386-Win32-vc8-Debug.lib(echo_speex.obj)' or at 'C:\A_PJSIP\PJSIP\Debug\vc110.pdb'; linking object as if no debug info
libpjproject-i386-Win32-vc8-Debug.lib(echo_common.obj) : warning LNK4099: PDB 'vc110.pdb' was not found with 'libpjproject-i386-Win32-vc8-Debug.lib(echo_common.obj)' or at 'C:\A_PJSIP\PJSIP\Debug\vc110.pdb'; linking object as if no debug info
libpjproject-i386-Win32-vc8-Debug.lib(delaybuf.obj) : warning LNK4099: PDB 'vc110.pdb' was not found with 'libpjproject-i386-Win32-vc8-Debug.lib(delaybuf.obj)' or at 'C:\A_PJSIP\PJSIP\Debug\vc110.pdb'; linking object as if no debug info
libpjproject-i386-Win32-vc8-Debug.lib(conference.obj) : warning LNK4099: PDB 'vc110.pdb' was not found with 'libpjproject-i386-Win32-vc8-Debug.lib(conference.obj)' or at 'C:\A_PJSIP\PJSIP\Debug\vc110.pdb'; linking object as if no debug info
libpjproject-i386-Win32-vc8-Debug.lib(codec.obj) : warning LNK4099: PDB 'vc110.pdb' was not found with 'libpjproject-i386-Win32-vc8-Debug.lib(codec.obj)' or at 'C:\A_PJSIP\PJSIP\Debug\vc110.pdb'; linking object as if no debug info
libpjproject-i386-Win32-vc8-Debug.lib(clock_thread.obj) : warning LNK4099: PDB 'vc110.pdb' was not found with 'libpjproject-i386-Win32-vc8-Debug.lib(clock_thread.obj)' or at 'C:\A_PJSIP\PJSIP\Debug\vc110.pdb'; linking object as if no debug info
libpjproject-i386-Win32-vc8-Debug.lib(alaw_ulaw_table.obj) : warning LNK4099: PDB 'vc110.pdb' was not found with 'libpjproject-i386-Win32-vc8-Debug.lib(alaw_ulaw_table.obj)' or at 'C:\A_PJSIP\PJSIP\Debug\vc110.pdb'; linking object as if no debug info
libpjproject-i386-Win32-vc8-Debug.lib(types.obj) : warning LNK4099: PDB 'vc110.pdb' was not found with 'libpjproject-i386-Win32-vc8-Debug.lib(types.obj)' or at 'C:\A_PJSIP\PJSIP\Debug\vc110.pdb'; linking object as if no debug info
libpjproject-i386-Win32-vc8-Debug.lib(timer.obj) : warning LNK4099: PDB 'vc110.pdb' was not found with 'libpjproject-i386-Win32-vc8-Debug.lib(timer.obj)' or at 'C:\A_PJSIP\PJSIP\Debug\vc110.pdb'; linking object as if no debug info
libpjproject-i386-Win32-vc8-Debug.lib(string.obj) : warning LNK4099: PDB 'vc110.pdb' was not found with 'libpjproject-i386-Win32-vc8-Debug.lib(string.obj)' or at 'C:\A_PJSIP\PJSIP\Debug\vc110.pdb'; linking object as if no debug info
libpjproject-i386-Win32-vc8-Debug.lib(sock_select.obj) : warning LNK4099: PDB 'vc110.pdb' was not found with 'libpjproject-i386-Win32-vc8-Debug.lib(sock_select.obj)' or at 'C:\A_PJSIP\PJSIP\Debug\vc110.pdb'; linking object as if no debug info
libpjproject-i386-Win32-vc8-Debug.lib(sock_qos_common.obj) : warning LNK4099: PDB 'vc110.pdb' was not found with 'libpjproject-i386-Win32-vc8-Debug.lib(sock_qos_common.obj)' or at 'C:\A_PJSIP\PJSIP\Debug\vc110.pdb'; linking object as if no debug info
libpjproject-i386-Win32-vc8-Debug.lib(sock_qos_bsd.obj) : warning LNK4099: PDB 'vc110.pdb' was not found with 'libpjproject-i386-Win32-vc8-Debug.lib(sock_qos_bsd.obj)' or at 'C:\A_PJSIP\PJSIP\Debug\vc110.pdb'; linking object as if no debug info
libpjproject-i386-Win32-vc8-Debug.lib(sock_common.obj) : warning LNK4099: PDB 'vc110.pdb' was not found with 'libpjproject-i386-Win32-vc8-Debug.lib(sock_common.obj)' or at 'C:\A_PJSIP\PJSIP\Debug\vc110.pdb'; linking object as if no debug info
libpjproject-i386-Win32-vc8-Debug.lib(sock_bsd.obj) : warning LNK4099: PDB 'vc110.pdb' was not found with 'libpjproject-i386-Win32-vc8-Debug.lib(sock_bsd.obj)' or at 'C:\A_PJSIP\PJSIP\Debug\vc110.pdb'; linking object as if no debug info
libpjproject-i386-Win32-vc8-Debug.lib(rand.obj) : warning LNK4099: PDB 'vc110.pdb' was not found with 'libpjproject-i386-Win32-vc8-Debug.lib(rand.obj)' or at 'C:\A_PJSIP\PJSIP\Debug\vc110.pdb'; linking object as if no debug info
libpjproject-i386-Win32-vc8-Debug.lib(pool_policy_malloc.obj) : warning LNK4099: PDB 'vc110.pdb' was not found with 'libpjproject-i386-Win32-vc8-Debug.lib(pool_policy_malloc.obj)' or at 'C:\A_PJSIP\PJSIP\Debug\vc110.pdb'; linking object as if no debug info
libpjproject-i386-Win32-vc8-Debug.lib(pool_caching.obj) : warning LNK4099: PDB 'vc110.pdb' was not found with 'libpjproject-i386-Win32-vc8-Debug.lib(pool_caching.obj)' or at 'C:\A_PJSIP\PJSIP\Debug\vc110.pdb'; linking object as if no debug info
libpjproject-i386-Win32-vc8-Debug.lib(pool_buf.obj) : warning LNK4099: PDB 'vc110.pdb' was not found with 'libpjproject-i386-Win32-vc8-Debug.lib(pool_buf.obj)' or at 'C:\A_PJSIP\PJSIP\Debug\vc110.pdb'; linking object as if no debug info
libpjproject-i386-Win32-vc8-Debug.lib(pool.obj) : warning LNK4099: PDB 'vc110.pdb' was not found with 'libpjproject-i386-Win32-vc8-Debug.lib(pool.obj)' or at 'C:\A_PJSIP\PJSIP\Debug\vc110.pdb'; linking object as if no debug info
libpjproject-i386-Win32-vc8-Debug.lib(os_timestamp_win32.obj) : warning LNK4099: PDB 'vc110.pdb' was not found with 'libpjproject-i386-Win32-vc8-Debug.lib(os_timestamp_win32.obj)' or at 'C:\A_PJSIP\PJSIP\Debug\vc110.pdb'; linking object as if no debug info
libpjproject-i386-Win32-vc8-Debug.lib(os_timestamp_common.obj) : warning LNK4099: PDB 'vc110.pdb' was not found with 'libpjproject-i386-Win32-vc8-Debug.lib(os_timestamp_common.obj)' or at 'C:\A_PJSIP\PJSIP\Debug\vc110.pdb'; linking object as if no debug info
libpjproject-i386-Win32-vc8-Debug.lib(os_time_win32.obj) : warning LNK4099: PDB 'vc110.pdb' was not found with 'libpjproject-i386-Win32-vc8-Debug.lib(os_time_win32.obj)' or at 'C:\A_PJSIP\PJSIP\Debug\vc110.pdb'; linking object as if no debug info
libpjproject-i386-Win32-vc8-Debug.lib(os_info.obj) : warning LNK4099: PDB 'vc110.pdb' was not found with 'libpjproject-i386-Win32-vc8-Debug.lib(os_info.obj)' or at 'C:\A_PJSIP\PJSIP\Debug\vc110.pdb'; linking object as if no debug info
libpjproject-i386-Win32-vc8-Debug.lib(os_error_win32.obj) : warning LNK4099: PDB 'vc110.pdb' was not found with 'libpjproject-i386-Win32-vc8-Debug.lib(os_error_win32.obj)' or at 'C:\A_PJSIP\PJSIP\Debug\vc110.pdb'; linking object as if no debug info
libpjproject-i386-Win32-vc8-Debug.lib(os_core_win32.obj) : warning LNK4099: PDB 'vc110.pdb' was not found with 'libpjproject-i386-Win32-vc8-Debug.lib(os_core_win32.obj)' or at 'C:\A_PJSIP\PJSIP\Debug\vc110.pdb'; linking object as if no debug info
libpjproject-i386-Win32-vc8-Debug.lib(log_writer_stdout.obj) : warning LNK4099: PDB 'vc110.pdb' was not found with 'libpjproject-i386-Win32-vc8-Debug.lib(log_writer_stdout.obj)' or at 'C:\A_PJSIP\PJSIP\Debug\vc110.pdb'; linking object as if no debug info
libpjproject-i386-Win32-vc8-Debug.lib(log.obj) : warning LNK4099: PDB 'vc110.pdb' was not found with 'libpjproject-i386-Win32-vc8-Debug.lib(log.obj)' or at 'C:\A_PJSIP\PJSIP\Debug\vc110.pdb'; linking object as if no debug info
libpjproject-i386-Win32-vc8-Debug.lib(lock.obj) : warning LNK4099: PDB 'vc110.pdb' was not found with 'libpjproject-i386-Win32-vc8-Debug.lib(lock.obj)' or at 'C:\A_PJSIP\PJSIP\Debug\vc110.pdb'; linking object as if no debug info
libpjproject-i386-Win32-vc8-Debug.lib(list.obj) : warning LNK4099: PDB 'vc110.pdb' was not found with 'libpjproject-i386-Win32-vc8-Debug.lib(list.obj)' or at 'C:\A_PJSIP\PJSIP\Debug\vc110.pdb'; linking object as if no debug info
libpjproject-i386-Win32-vc8-Debug.lib(ip_helper_win32.obj) : warning LNK4099: PDB 'vc110.pdb' was not found with 'libpjproject-i386-Win32-vc8-Debug.lib(ip_helper_win32.obj)' or at 'C:\A_PJSIP\PJSIP\Debug\vc110.pdb'; linking object as if no debug info
libpjproject-i386-Win32-vc8-Debug.lib(ioqueue_select.obj) : warning LNK4099: PDB 'vc110.pdb' was not found with 'libpjproject-i386-Win32-vc8-Debug.lib(ioqueue_select.obj)' or at 'C:\A_PJSIP\PJSIP\Debug\vc110.pdb'; linking object as if no debug info
libpjproject-i386-Win32-vc8-Debug.lib(hash.obj) : warning LNK4099: PDB 'vc110.pdb' was not found with 'libpjproject-i386-Win32-vc8-Debug.lib(hash.obj)' or at 'C:\A_PJSIP\PJSIP\Debug\vc110.pdb'; linking object as if no debug info
libpjproject-i386-Win32-vc8-Debug.lib(guid_win32.obj) : warning LNK4099: PDB 'vc110.pdb' was not found with 'libpjproject-i386-Win32-vc8-Debug.lib(guid_win32.obj)' or at 'C:\A_PJSIP\PJSIP\Debug\vc110.pdb'; linking object as if no debug info
libpjproject-i386-Win32-vc8-Debug.lib(guid.obj) : warning LNK4099: PDB 'vc110.pdb' was not found with 'libpjproject-i386-Win32-vc8-Debug.lib(guid.obj)' or at 'C:\A_PJSIP\PJSIP\Debug\vc110.pdb'; linking object as if no debug info
libpjproject-i386-Win32-vc8-Debug.lib(file_io_win32.obj) : warning LNK4099: PDB 'vc110.pdb' was not found with 'libpjproject-i386-Win32-vc8-Debug.lib(file_io_win32.obj)' or at 'C:\A_PJSIP\PJSIP\Debug\vc110.pdb'; linking object as if no debug info
libpjproject-i386-Win32-vc8-Debug.lib(file_access_win32.obj) : warning LNK4099: PDB 'vc110.pdb' was not found with 'libpjproject-i386-Win32-vc8-Debug.lib(file_access_win32.obj)' or at 'C:\A_PJSIP\PJSIP\Debug\vc110.pdb'; linking object as if no debug info
libpjproject-i386-Win32-vc8-Debug.lib(except.obj) : warning LNK4099: PDB 'vc110.pdb' was not found with 'libpjproject-i386-Win32-vc8-Debug.lib(except.obj)' or at 'C:\A_PJSIP\PJSIP\Debug\vc110.pdb'; linking object as if no debug info
libpjproject-i386-Win32-vc8-Debug.lib(errno.obj) : warning LNK4099: PDB 'vc110.pdb' was not found with 'libpjproject-i386-Win32-vc8-Debug.lib(errno.obj)' or at 'C:\A_PJSIP\PJSIP\Debug\vc110.pdb'; linking object as if no debug info
libpjproject-i386-Win32-vc8-Debug.lib(config.obj) : warning LNK4099: PDB 'vc110.pdb' was not found with 'libpjproject-i386-Win32-vc8-Debug.lib(config.obj)' or at 'C:\A_PJSIP\PJSIP\Debug\vc110.pdb'; linking object as if no debug info
libpjproject-i386-Win32-vc8-Debug.lib(array.obj) : warning LNK4099: PDB 'vc110.pdb' was not found with 'libpjproject-i386-Win32-vc8-Debug.lib(array.obj)' or at 'C:\A_PJSIP\PJSIP\Debug\vc110.pdb'; linking object as if no debug info
libpjproject-i386-Win32-vc8-Debug.lib(addr_resolv_sock.obj) : warning LNK4099: PDB 'vc110.pdb' was not found with 'libpjproject-i386-Win32-vc8-Debug.lib(addr_resolv_sock.obj)' or at 'C:\A_PJSIP\PJSIP\Debug\vc110.pdb'; linking object as if no debug info
libpjproject-i386-Win32-vc8-Debug.lib(activesock.obj) : warning LNK4099: PDB 'vc110.pdb' was not found with 'libpjproject-i386-Win32-vc8-Debug.lib(activesock.obj)' or at 'C:\A_PJSIP\PJSIP\Debug\vc110.pdb'; linking object as if no debug info
libpjproject-i386-Win32-vc8-Debug.lib(xml.obj) : warning LNK4099: PDB 'vc110.pdb' was not found with 'libpjproject-i386-Win32-vc8-Debug.lib(xml.obj)' or at 'C:\A_PJSIP\PJSIP\Debug\vc110.pdb'; linking object as if no debug info
libpjproject-i386-Win32-vc8-Debug.lib(stun_simple_client.obj) : warning LNK4099: PDB 'vc110.pdb' was not found with 'libpjproject-i386-Win32-vc8-Debug.lib(stun_simple_client.obj)' or at 'C:\A_PJSIP\PJSIP\Debug\vc110.pdb'; linking object as if no debug info
libpjproject-i386-Win32-vc8-Debug.lib(stun_simple.obj) : warning LNK4099: PDB 'vc110.pdb' was not found with 'libpjproject-i386-Win32-vc8-Debug.lib(stun_simple.obj)' or at 'C:\A_PJSIP\PJSIP\Debug\vc110.pdb'; linking object as if no debug info
libpjproject-i386-Win32-vc8-Debug.lib(string.obj) : warning LNK4099: PDB 'vc110.pdb' was not found with 'libpjproject-i386-Win32-vc8-Debug.lib(string.obj)' or at 'C:\A_PJSIP\PJSIP\Debug\vc110.pdb'; linking object as if no debug info
libpjproject-i386-Win32-vc8-Debug.lib(srv_resolver.obj) : warning LNK4099: PDB 'vc110.pdb' was not found with 'libpjproject-i386-Win32-vc8-Debug.lib(srv_resolver.obj)' or at 'C:\A_PJSIP\PJSIP\Debug\vc110.pdb'; linking object as if no debug info
libpjproject-i386-Win32-vc8-Debug.lib(sha1.obj) : warning LNK4099: PDB 'vc110.pdb' was not found with 'libpjproject-i386-Win32-vc8-Debug.lib(sha1.obj)' or at 'C:\A_PJSIP\PJSIP\Debug\vc110.pdb'; linking object as if no debug info
libpjproject-i386-Win32-vc8-Debug.lib(scanner.obj) : warning LNK4099: PDB 'vc110.pdb' was not found with 'libpjproject-i386-Win32-vc8-Debug.lib(scanner.obj)' or at 'C:\A_PJSIP\PJSIP\Debug\vc110.pdb'; linking object as if no debug info
libpjproject-i386-Win32-vc8-Debug.lib(resolver.obj) : warning LNK4099: PDB 'vc110.pdb' was not found with 'libpjproject-i386-Win32-vc8-Debug.lib(resolver.obj)' or at 'C:\A_PJSIP\PJSIP\Debug\vc110.pdb'; linking object as if no debug info
libpjproject-i386-Win32-vc8-Debug.lib(md5.obj) : warning LNK4099: PDB 'vc110.pdb' was not found with 'libpjproject-i386-Win32-vc8-Debug.lib(md5.obj)' or at 'C:\A_PJSIP\PJSIP\Debug\vc110.pdb'; linking object as if no debug info
libpjproject-i386-Win32-vc8-Debug.lib(hmac_sha1.obj) : warning LNK4099: PDB 'vc110.pdb' was not found with 'libpjproject-i386-Win32-vc8-Debug.lib(hmac_sha1.obj)' or at 'C:\A_PJSIP\PJSIP\Debug\vc110.pdb'; linking object as if no debug info
libpjproject-i386-Win32-vc8-Debug.lib(errno.obj) : warning LNK4099: PDB 'vc110.pdb' was not found with 'libpjproject-i386-Win32-vc8-Debug.lib(errno.obj)' or at 'C:\A_PJSIP\PJSIP\Debug\vc110.pdb'; linking object as if no debug info
libpjproject-i386-Win32-vc8-Debug.lib(dns.obj) : warning LNK4099: PDB 'vc110.pdb' was not found with 'libpjproject-i386-Win32-vc8-Debug.lib(dns.obj)' or at 'C:\A_PJSIP\PJSIP\Debug\vc110.pdb'; linking object as if no debug info
libpjproject-i386-Win32-vc8-Debug.lib(crc32.obj) : warning LNK4099: PDB 'vc110.pdb' was not found with 'libpjproject-i386-Win32-vc8-Debug.lib(crc32.obj)' or at 'C:\A_PJSIP\PJSIP\Debug\vc110.pdb'; linking object as if no debug info
libpjproject-i386-Win32-vc8-Debug.lib(base64.obj) : warning LNK4099: PDB 'vc110.pdb' was not found with 'libpjproject-i386-Win32-vc8-Debug.lib(base64.obj)' or at 'C:\A_PJSIP\PJSIP\Debug\vc110.pdb'; linking object as if no debug info
  PJSIPWrapper.vcxproj -> C:\A_PJSIP\PJSIP\Debug\PJSIPWrapper.dll
